<?xml version="1.0" encoding="UTF-8"?>
<testsuite xmlns:xsi="http://www.w3.org/2001/XMLSchema-instance" xsi:noNamespaceSchemaLocation="https://maven.apache.org/surefire/maven-surefire-plugin/xsd/surefire-test-report-3.0.xsd" version="3.0" name="Layouts.RunCucumberTest" time="6.468" tests="3" errors="0" skipped="0" failures="0">
  <properties>
[...]
</properties>
  <testcase name="Example #1.1" classname="Examples" time="2.452">
    <system-out><![CDATA[
Scenario Outline: Page loads on "chrome"                          &amp#27;[90m# Layouts/Layouts.feature:12&amp#27;[0m
  &amp#27;[32mGiven &amp#27;[0m&amp#27;[32m&amp#27;[0m&amp#27;[32m&amp#27;[1m"chrome"&amp#27;[0m&amp#27;[32m browser exists&amp#27;[0m                                   &amp#27;[90m# Layouts.StepDefinitions.layouts_page(java.lang.String)&amp#27;[0m
  &amp#27;[32mWhen &amp#27;[0m&amp#27;[32mthe user goes or is redirected to &amp#27;[0m&amp#27;[32m&amp#27;[1m"http://localhost:9003/"&amp#27;[0m &amp#27;[90m# Layouts.StepDefinitions.is_rendered(java.lang.String)&amp#27;[0m
  &amp#27;[32mThen &amp#27;[0m&amp#27;[32muser is presented with the layouts page&amp#27;[0m                    &amp#27;[90m# Layouts.StepDefinitions.on_the_browser()&amp#27;[0m
]]></system-out>
  </testcase>
  <testcase name="Example #1.2" classname="Examples" time="1.938">
    <system-out><![CDATA[
Scenario Outline: Page loads on "edge"                            &amp#27;[90m# Layouts/Layouts.feature:13&amp#27;[0m
  &amp#27;[32mGiven &amp#27;[0m&amp#27;[32m&amp#27;[0m&amp#27;[32m&amp#27;[1m"edge"&amp#27;[0m&amp#27;[32m browser exists&amp#27;[0m                                     &amp#27;[90m# Layouts.StepDefinitions.layouts_page(java.lang.String)&amp#27;[0m
  &amp#27;[32mWhen &amp#27;[0m&amp#27;[32mthe user goes or is redirected to &amp#27;[0m&amp#27;[32m&amp#27;[1m"http://localhost:9003/"&amp#27;[0m &amp#27;[90m# Layouts.StepDefinitions.is_rendered(java.lang.String)&amp#27;[0m
  &amp#27;[32mThen &amp#27;[0m&amp#27;[32muser is presented with the layouts page&amp#27;[0m                    &amp#27;[90m# Layouts.StepDefinitions.on_the_browser()&amp#27;[0m
]]></system-out>
  </testcase>
  <testcase name="Add new Layouts" classname="Layouts Page loads on most popular browsers" time="1.932">
    <system-out><![CDATA[
Scenario: Add new Layouts                                  &amp#27;[90m# Layouts/Layouts.feature:15&amp#27;[0m
  &amp#27;[32mGiven &amp#27;[0m&amp#27;[32mthe layout page loads&amp#27;[0m                              &amp#27;[90m# Layouts.StepDefinitions.page_loads()&amp#27;[0m
1
  &amp#27;[32mWhen &amp#27;[0m&amp#27;[32mthe user makes all nessesary inputs and clicks Save&amp#27;[0m &amp#27;[90m# Layouts.StepDefinitions.edit_page()&amp#27;[0m
  &amp#27;[32mThen &amp#27;[0m&amp#27;[32mthe layout should be saved in the database&amp#27;[0m          &amp#27;[90m# Layouts.StepDefinitions.saved_in_database()&amp#27;[0m
]]></system-out>
  </testcase>
</testsuite>